<?xml version="1.0" encoding="UTF-8"?>
<testng-results skipped="0" failed="0" ignored="0" total="2" passed="2">
  <reporter-output>
  </reporter-output>
  <suite name="Default suite" duration-ms="51495" started-at="2019-01-26T04:01:00Z" finished-at="2019-01-26T04:01:52Z">
    <groups>
    </groups>
    <test name="Default test" duration-ms="51495" started-at="2019-01-26T04:01:00Z" finished-at="2019-01-26T04:01:52Z">
      <class name="testScripts.Module1">
        <test-method status="PASS" signature="beforesuite()[pri:0, instance:testScripts.Module1@51c8530f]" name="beforesuite" is-config="true" duration-ms="214" started-at="2019-01-26T04:01:00Z" finished-at="2019-01-26T04:01:00Z">
          <reporter-output>
          </reporter-output>
        </test-method> <!-- beforesuite -->
        <test-method status="PASS" signature="beforemethod(java.lang.reflect.Method)[pri:0, instance:testScripts.Module1@51c8530f]" name="beforemethod" is-config="true" duration-ms="595" started-at="2019-01-26T04:01:00Z" finished-at="2019-01-26T04:01:01Z">
          <params>
            <param index="0">
              <value>
                <![CDATA[public void testScripts.Module1.TC101()]]>
              </value>
            </param>
          </params>
          <reporter-output>
          </reporter-output>
        </test-method> <!-- beforemethod -->
        <test-method status="PASS" signature="before()[pri:0, instance:testScripts.Module1@51c8530f]" name="before" is-config="true" duration-ms="15485" started-at="2019-01-26T04:01:01Z" finished-at="2019-01-26T04:01:17Z">
          <reporter-output>
          </reporter-output>
        </test-method> <!-- before -->
        <test-method status="PASS" signature="TC101()[pri:0, instance:testScripts.Module1@51c8530f]" name="TC101" duration-ms="4523" started-at="2019-01-26T04:01:17Z" finished-at="2019-01-26T04:01:21Z">
          <reporter-output>
          </reporter-output>
        </test-method> <!-- TC101 -->
        <test-method status="PASS" signature="after()[pri:0, instance:testScripts.Module1@51c8530f]" name="after" is-config="true" duration-ms="3665" started-at="2019-01-26T04:01:21Z" finished-at="2019-01-26T04:01:25Z">
          <reporter-output>
          </reporter-output>
        </test-method> <!-- after -->
        <test-method status="PASS" signature="aftermethod(org.testng.ITestResult)[pri:0, instance:testScripts.Module1@51c8530f]" name="aftermethod" is-config="true" duration-ms="695" started-at="2019-01-26T04:01:25Z" finished-at="2019-01-26T04:01:25Z">
          <params>
            <param index="0">
              <value>
                <![CDATA[[TestResult name=TC101 status=SUCCESS method=Module1.TC101()[pri:0, instance:testScripts.Module1@51c8530f] output={null}]]]>
              </value>
            </param>
          </params>
          <reporter-output>
          </reporter-output>
        </test-method> <!-- aftermethod -->
        <test-method status="PASS" signature="beforemethod(java.lang.reflect.Method)[pri:0, instance:testScripts.Module1@51c8530f]" name="beforemethod" is-config="true" duration-ms="26" started-at="2019-01-26T04:01:25Z" finished-at="2019-01-26T04:01:25Z">
          <params>
            <param index="0">
              <value>
                <![CDATA[public void testScripts.Module1.TC102()]]>
              </value>
            </param>
          </params>
          <reporter-output>
          </reporter-output>
        </test-method> <!-- beforemethod -->
        <test-method status="PASS" signature="before()[pri:0, instance:testScripts.Module1@51c8530f]" name="before" is-config="true" duration-ms="16167" started-at="2019-01-26T04:01:25Z" finished-at="2019-01-26T04:01:42Z">
          <reporter-output>
          </reporter-output>
        </test-method> <!-- before -->
        <test-method status="PASS" signature="TC102()[pri:0, instance:testScripts.Module1@51c8530f]" name="TC102" duration-ms="6378" started-at="2019-01-26T04:01:42Z" finished-at="2019-01-26T04:01:48Z">
          <reporter-output>
          </reporter-output>
        </test-method> <!-- TC102 -->
        <test-method status="PASS" signature="after()[pri:0, instance:testScripts.Module1@51c8530f]" name="after" is-config="true" duration-ms="3836" started-at="2019-01-26T04:01:48Z" finished-at="2019-01-26T04:01:52Z">
          <reporter-output>
          </reporter-output>
        </test-method> <!-- after -->
        <test-method status="PASS" signature="aftermethod(org.testng.ITestResult)[pri:0, instance:testScripts.Module1@51c8530f]" name="aftermethod" is-config="true" duration-ms="102" started-at="2019-01-26T04:01:52Z" finished-at="2019-01-26T04:01:52Z">
          <params>
            <param index="0">
              <value>
                <![CDATA[[TestResult name=TC102 status=SUCCESS method=Module1.TC102()[pri:0, instance:testScripts.Module1@51c8530f] output={null}]]]>
              </value>
            </param>
          </params>
          <reporter-output>
          </reporter-output>
        </test-method> <!-- aftermethod -->
        <test-method status="PASS" signature="aftersuite()[pri:0, instance:testScripts.Module1@51c8530f]" name="aftersuite" is-config="true" duration-ms="6306" started-at="2019-01-26T04:01:52Z" finished-at="2019-01-26T04:01:59Z">
          <reporter-output>
          </reporter-output>
        </test-method> <!-- aftersuite -->
      </class> <!-- testScripts.Module1 -->
    </test> <!-- Default test -->
  </suite> <!-- Default suite -->
</testng-results>
