<?xml version="1.0" encoding="UTF-8"?>
<testng-results skipped="0" failed="0" ignored="0" total="1" passed="1">
  <reporter-output>
  </reporter-output>
  <suite name="Default suite" duration-ms="29625" started-at="2019-03-09T11:20:50Z" finished-at="2019-03-09T11:21:20Z">
    <groups>
    </groups>
    <test name="Default test" duration-ms="29625" started-at="2019-03-09T11:20:50Z" finished-at="2019-03-09T11:21:20Z">
      <class name="testScripts.Module1">
        <test-method status="PASS" signature="beforesuite()[pri:0, instance:testScripts.Module1@74a10858]" name="beforesuite" is-config="true" duration-ms="234" started-at="2019-03-09T11:20:50Z" finished-at="2019-03-09T11:20:50Z">
          <reporter-output>
          </reporter-output>
        </test-method> <!-- beforesuite -->
        <test-method status="PASS" signature="beforemethod(java.lang.reflect.Method)[pri:0, instance:testScripts.Module1@74a10858]" name="beforemethod" is-config="true" duration-ms="578" started-at="2019-03-09T11:20:50Z" finished-at="2019-03-09T11:20:51Z">
          <params>
            <param index="0">
              <value>
                <![CDATA[public void testScripts.Module1.TC101()]]>
              </value>
            </param>
          </params>
          <reporter-output>
          </reporter-output>
        </test-method> <!-- beforemethod -->
        <test-method status="PASS" signature="before()[pri:0, instance:testScripts.Module1@74a10858]" name="before" is-config="true" duration-ms="20723" started-at="2019-03-09T11:20:51Z" finished-at="2019-03-09T11:21:11Z">
          <reporter-output>
          </reporter-output>
        </test-method> <!-- before -->
        <test-method status="PASS" signature="TC101()[pri:0, instance:testScripts.Module1@74a10858]" name="TC101" duration-ms="4482" started-at="2019-03-09T11:21:11Z" finished-at="2019-03-09T11:21:16Z">
          <reporter-output>
          </reporter-output>
        </test-method> <!-- TC101 -->
        <test-method status="PASS" signature="after()[pri:0, instance:testScripts.Module1@74a10858]" name="after" is-config="true" duration-ms="3575" started-at="2019-03-09T11:21:16Z" finished-at="2019-03-09T11:21:20Z">
          <reporter-output>
          </reporter-output>
        </test-method> <!-- after -->
        <test-method status="PASS" signature="aftermethod(org.testng.ITestResult)[pri:0, instance:testScripts.Module1@74a10858]" name="aftermethod" is-config="true" duration-ms="234" started-at="2019-03-09T11:21:20Z" finished-at="2019-03-09T11:21:20Z">
          <params>
            <param index="0">
              <value>
                <![CDATA[[TestResult name=TC101 status=SUCCESS method=Module1.TC101()[pri:0, instance:testScripts.Module1@74a10858] output={null}]]]>
              </value>
            </param>
          </params>
          <reporter-output>
          </reporter-output>
        </test-method> <!-- aftermethod -->
        <test-method status="PASS" signature="aftersuite()[pri:0, instance:testScripts.Module1@74a10858]" name="aftersuite" is-config="true" duration-ms="5563" started-at="2019-03-09T11:21:20Z" finished-at="2019-03-09T11:21:25Z">
          <reporter-output>
          </reporter-output>
        </test-method> <!-- aftersuite -->
      </class> <!-- testScripts.Module1 -->
    </test> <!-- Default test -->
  </suite> <!-- Default suite -->
</testng-results>
